[1] ".Rprofile loaded"
<environment: R_GlobalEnv>
<environment: R_GlobalEnv>
[1] "I know I am on SLURM!"
Running TS model with 0 changepoints and equation gamma ~ newmoonnumber on LDA model k: 5, seed: 156
Running TS model with 1 changepoints and equation gamma ~ newmoonnumber on LDA model k: 5, seed: 156
  Estimating changepoint distribution 
  Estimating regressor distribution 
Running TS model with 2 changepoints and equation gamma ~ newmoonnumber on LDA model k: 5, seed: 156
  Estimating changepoint distribution 
  Estimating regressor distribution 
Running TS model with 3 changepoints and equation gamma ~ newmoonnumber on LDA model k: 5, seed: 156
  Estimating changepoint distribution 
  Estimating regressor distribution 
Running TS model with 4 changepoints and equation gamma ~ newmoonnumber on LDA model k: 5, seed: 156
  Estimating changepoint distribution 
  Estimating regressor distribution 
Running TS model with 5 changepoints and equation gamma ~ newmoonnumber on LDA model k: 5, seed: 156
  Estimating changepoint distribution 
  Estimating regressor distribution 
Running TS model with 6 changepoints and equation gamma ~ newmoonnumber on LDA model k: 5, seed: 156
  Estimating changepoint distribution 
  Estimating regressor distribution 
Running TS model with 0 changepoints and equation gamma ~ year on LDA model k: 6, seed: 84
Running TS model with 1 changepoints and equation gamma ~ year on LDA model k: 6, seed: 84
  Estimating changepoint distribution 
  Estimating regressor distribution 
Running TS model with 2 changepoints and equation gamma ~ year on LDA model k: 6, seed: 84
  Estimating changepoint distribution 
  Estimating regressor distribution 
Running TS model with 3 changepoints and equation gamma ~ year on LDA model k: 6, seed: 84
  Estimating changepoint distribution 
  Estimating regressor distribution 
Running TS model with 4 changepoints and equation gamma ~ year on LDA model k: 6, seed: 84
  Estimating changepoint distribution 
  Estimating regressor distribution 
Running TS model with 5 changepoints and equation gamma ~ year on LDA model k: 6, seed: 84
  Estimating changepoint distribution 
  Estimating regressor distribution 
Running TS model with 6 changepoints and equation gamma ~ year on LDA model k: 6, seed: 84
  Estimating changepoint distribution 
  Estimating regressor distribution 
Running TS model with 0 changepoints and equation gamma ~ year on LDA model k: 6, seed: 196
Running TS model with 1 changepoints and equation gamma ~ year on LDA model k: 6, seed: 196
  Estimating changepoint distribution 
  Estimating regressor distribution 
Running TS model with 2 changepoints and equation gamma ~ year on LDA model k: 6, seed: 196
  Estimating changepoint distribution 
  Estimating regressor distribution 
Running TS model with 3 changepoints and equation gamma ~ year on LDA model k: 6, seed: 196
  Estimating changepoint distribution 
  Estimating regressor distribution 
Running TS model with 4 changepoints and equation gamma ~ year on LDA model k: 6, seed: 196
  Estimating changepoint distribution 
  Estimating regressor distribution 
Running TS model with 5 changepoints and equation gamma ~ year on LDA model k: 6, seed: 196
  Estimating changepoint distribution 
  Estimating regressor distribution 
Running TS model with 6 changepoints and equation gamma ~ year on LDA model k: 6, seed: 196
  Estimating changepoint distribution 
  Estimating regressor distribution 
Running TS model with 0 changepoints and equation gamma ~ year on LDA model k: 6, seed: 12
Running TS model with 1 changepoints and equation gamma ~ year on LDA model k: 6, seed: 12
  Estimating changepoint distribution 
  Estimating regressor distribution 
Running TS model with 2 changepoints and equation gamma ~ year on LDA model k: 6, seed: 12
  Estimating changepoint distribution 
  Estimating regressor distribution 
Running TS model with 3 changepoints and equation gamma ~ year on LDA model k: 6, seed: 12
  Estimating changepoint distribution 
  Estimating regressor distribution 
Running TS model with 4 changepoints and equation gamma ~ year on LDA model k: 6, seed: 12
  Estimating changepoint distribution 
  Estimating regressor distribution 
Running TS model with 5 changepoints and equation gamma ~ year on LDA model k: 6, seed: 12
  Estimating changepoint distribution 
  Estimating regressor distribution 
Running TS model with 6 changepoints and equation gamma ~ year on LDA model k: 6, seed: 12
  Estimating changepoint distribution 
  Estimating regressor distribution 
Running TS model with 0 changepoints and equation gamma ~ timestep on LDA model k: 6, seed: 84
Running TS model with 1 changepoints and equation gamma ~ timestep on LDA model k: 6, seed: 84
  Estimating changepoint distribution 
  Estimating regressor distribution 
Running TS model with 2 changepoints and equation gamma ~ timestep on LDA model k: 6, seed: 84
  Estimating changepoint distribution 
  Estimating regressor distribution 
Running TS model with 3 changepoints and equation gamma ~ timestep on LDA model k: 6, seed: 84
  Estimating changepoint distribution 
  Estimating regressor distribution 
Running TS model with 4 changepoints and equation gamma ~ timestep on LDA model k: 6, seed: 84
  Estimating changepoint distribution 
  Estimating regressor distribution 
Running TS model with 5 changepoints and equation gamma ~ timestep on LDA model k: 6, seed: 84
  Estimating changepoint distribution 
  Estimating regressor distribution 
Running TS model with 6 changepoints and equation gamma ~ timestep on LDA model k: 6, seed: 84
  Estimating changepoint distribution 
  Estimating regressor distribution 
Running TS model with 0 changepoints and equation gamma ~ timestep on LDA model k: 6, seed: 196
Running TS model with 1 changepoints and equation gamma ~ timestep on LDA model k: 6, seed: 196
  Estimating changepoint distribution 
  Estimating regressor distribution 
Running TS model with 2 changepoints and equation gamma ~ timestep on LDA model k: 6, seed: 196
  Estimating changepoint distribution 
  Estimating regressor distribution 
Running TS model with 3 changepoints and equation gamma ~ timestep on LDA model k: 6, seed: 196
  Estimating changepoint distribution 
  Estimating regressor distribution 
Running TS model with 4 changepoints and equation gamma ~ timestep on LDA model k: 6, seed: 196
  Estimating changepoint distribution 
  Estimating regressor distribution 
Running TS model with 5 changepoints and equation gamma ~ timestep on LDA model k: 6, seed: 196
  Estimating changepoint distribution 
  Estimating regressor distribution 
Running TS model with 6 changepoints and equation gamma ~ timestep on LDA model k: 6, seed: 196
  Estimating changepoint distribution 
  Estimating regressor distribution 
Running TS model with 0 changepoints and equation gamma ~ timestep on LDA model k: 6, seed: 12
Running TS model with 1 changepoints and equation gamma ~ timestep on LDA model k: 6, seed: 12
  Estimating changepoint distribution 
  Estimating regressor distribution 
Running TS model with 2 changepoints and equation gamma ~ timestep on LDA model k: 6, seed: 12
  Estimating changepoint distribution 
  Estimating regressor distribution 
Running TS model with 3 changepoints and equation gamma ~ timestep on LDA model k: 6, seed: 12
  Estimating changepoint distribution 
  Estimating regressor distribution 
Running TS model with 4 changepoints and equation gamma ~ timestep on LDA model k: 6, seed: 12
  Estimating changepoint distribution 
  Estimating regressor distribution 
Running TS model with 5 changepoints and equation gamma ~ timestep on LDA model k: 6, seed: 12
  Estimating changepoint distribution 
  Estimating regressor distribution 
Running TS model with 6 changepoints and equation gamma ~ timestep on LDA model k: 6, seed: 12
  Estimating changepoint distribution 
  Estimating regressor distribution 
Running TS model with 0 changepoints and equation gamma ~ normalnoise on LDA model k: 6, seed: 196
Running TS model with 1 changepoints and equation gamma ~ normalnoise on LDA model k: 6, seed: 196
  Estimating changepoint distribution 
  Estimating regressor distribution 
Running TS model with 2 changepoints and equation gamma ~ normalnoise on LDA model k: 6, seed: 196
  Estimating changepoint distribution 
  Estimating regressor distribution 
Running TS model with 3 changepoints and equation gamma ~ normalnoise on LDA model k: 6, seed: 196
  Estimating changepoint distribution 
  Estimating regressor distribution 
Running TS model with 4 changepoints and equation gamma ~ normalnoise on LDA model k: 6, seed: 196
  Estimating changepoint distribution 
  Estimating regressor distribution 
Running TS model with 5 changepoints and equation gamma ~ normalnoise on LDA model k: 6, seed: 196
  Estimating changepoint distribution 
  Estimating regressor distribution 
Running TS model with 6 changepoints and equation gamma ~ normalnoise on LDA model k: 6, seed: 196
  Estimating changepoint distribution 
  Estimating regressor distribution 
Running TS model with 0 changepoints and equation gamma ~ normalnoise on LDA model k: 6, seed: 12
Running TS model with 1 changepoints and equation gamma ~ normalnoise on LDA model k: 6, seed: 12
  Estimating changepoint distribution 
  Estimating regressor distribution 
Running TS model with 2 changepoints and equation gamma ~ normalnoise on LDA model k: 6, seed: 12
  Estimating changepoint distribution 
  Estimating regressor distribution 
Running TS model with 3 changepoints and equation gamma ~ normalnoise on LDA model k: 6, seed: 12
  Estimating changepoint distribution 
  Estimating regressor distribution 
Running TS model with 4 changepoints and equation gamma ~ normalnoise on LDA model k: 6, seed: 12
  Estimating changepoint distribution 
  Estimating regressor distribution 
Running TS model with 5 changepoints and equation gamma ~ normalnoise on LDA model k: 6, seed: 12
  Estimating changepoint distribution 
  Estimating regressor distribution 
Running TS model with 6 changepoints and equation gamma ~ normalnoise on LDA model k: 6, seed: 12
  Estimating changepoint distribution 
  Estimating regressor distribution 
Running TS model with 0 changepoints and equation gamma ~ timestep on LDA model k: 5, seed: 156
Running TS model with 1 changepoints and equation gamma ~ timestep on LDA model k: 5, seed: 156
  Estimating changepoint distribution 
  Estimating regressor distribution 
Running TS model with 2 changepoints and equation gamma ~ timestep on LDA model k: 5, seed: 156
  Estimating changepoint distribution 
  Estimating regressor distribution 
Running TS model with 3 changepoints and equation gamma ~ timestep on LDA model k: 5, seed: 156
  Estimating changepoint distribution 
  Estimating regressor distribution 
Running TS model with 4 changepoints and equation gamma ~ timestep on LDA model k: 5, seed: 156
  Estimating changepoint distribution 
  Estimating regressor distribution 
Running TS model with 5 changepoints and equation gamma ~ timestep on LDA model k: 5, seed: 156
  Estimating changepoint distribution 
  Estimating regressor distribution 
Running TS model with 6 changepoints and equation gamma ~ timestep on LDA model k: 5, seed: 156
  Estimating changepoint distribution 
  Estimating regressor distribution 
Running TS model with 0 changepoints and equation gamma ~ normalnoise on LDA model k: 5, seed: 156
Running TS model with 1 changepoints and equation gamma ~ normalnoise on LDA model k: 5, seed: 156
  Estimating changepoint distribution 
  Estimating regressor distribution 
Running TS model with 2 changepoints and equation gamma ~ normalnoise on LDA model k: 5, seed: 156
  Estimating changepoint distribution 
  Estimating regressor distribution 
Running TS model with 3 changepoints and equation gamma ~ normalnoise on LDA model k: 5, seed: 156
  Estimating changepoint distribution 
  Estimating regressor distribution 
Running TS model with 4 changepoints and equation gamma ~ normalnoise on LDA model k: 5, seed: 156
  Estimating changepoint distribution 
  Estimating regressor distribution 
Running TS model with 5 changepoints and equation gamma ~ normalnoise on LDA model k: 5, seed: 156
  Estimating changepoint distribution 
  Estimating regressor distribution 
Running TS model with 6 changepoints and equation gamma ~ normalnoise on LDA model k: 5, seed: 156
  Estimating changepoint distribution 
  Estimating regressor distribution 
Running TS model with 0 changepoints and equation gamma ~ normalnoise on LDA model k: 6, seed: 156
Running TS model with 1 changepoints and equation gamma ~ normalnoise on LDA model k: 6, seed: 156
  Estimating changepoint distribution 
  Estimating regressor distribution 
Running TS model with 2 changepoints and equation gamma ~ normalnoise on LDA model k: 6, seed: 156
  Estimating changepoint distribution 
  Estimating regressor distribution 
Running TS model with 3 changepoints and equation gamma ~ normalnoise on LDA model k: 6, seed: 156
  Estimating changepoint distribution 
  Estimating regressor distribution 
Running TS model with 4 changepoints and equation gamma ~ normalnoise on LDA model k: 6, seed: 156
  Estimating changepoint distribution 
  Estimating regressor distribution 
Running TS model with 5 changepoints and equation gamma ~ normalnoise on LDA model k: 6, seed: 156
  Estimating changepoint distribution 
  Estimating regressor distribution 
Running TS model with 6 changepoints and equation gamma ~ normalnoise on LDA model k: 6, seed: 156
  Estimating changepoint distribution 
  Estimating regressor distribution 
Running TS model with 0 changepoints and equation gamma ~ Date on LDA model k: 6, seed: 156
Running TS model with 1 changepoints and equation gamma ~ Date on LDA model k: 6, seed: 156
  Estimating changepoint distribution 
  Estimating regressor distribution 
Running TS model with 2 changepoints and equation gamma ~ Date on LDA model k: 6, seed: 156
  Estimating changepoint distribution 
  Estimating regressor distribution 
Running TS model with 3 changepoints and equation gamma ~ Date on LDA model k: 6, seed: 156
  Estimating changepoint distribution 
  Estimating regressor distribution 
Running TS model with 4 changepoints and equation gamma ~ Date on LDA model k: 6, seed: 156
  Estimating changepoint distribution 
  Estimating regressor distribution 
Running TS model with 5 changepoints and equation gamma ~ Date on LDA model k: 6, seed: 156
  Estimating changepoint distribution 
  Estimating regressor distribution 
Running TS model with 6 changepoints and equation gamma ~ Date on LDA model k: 6, seed: 156
  Estimating changepoint distribution 
  Estimating regressor distribution 
Running TS model with 0 changepoints and equation gamma ~ timestep on LDA model k: 6, seed: 156
Running TS model with 1 changepoints and equation gamma ~ timestep on LDA model k: 6, seed: 156
  Estimating changepoint distribution 
  Estimating regressor distribution 
Running TS model with 2 changepoints and equation gamma ~ timestep on LDA model k: 6, seed: 156
  Estimating changepoint distribution 
  Estimating regressor distribution 
Running TS model with 3 changepoints and equation gamma ~ timestep on LDA model k: 6, seed: 156
  Estimating changepoint distribution 
  Estimating regressor distribution 
Running TS model with 4 changepoints and equation gamma ~ timestep on LDA model k: 6, seed: 156
  Estimating changepoint distribution 
  Estimating regressor distribution 
Running TS model with 5 changepoints and equation gamma ~ timestep on LDA model k: 6, seed: 156
  Estimating changepoint distribution 
  Estimating regressor distribution 
Running TS model with 6 changepoints and equation gamma ~ timestep on LDA model k: 6, seed: 156
  Estimating changepoint distribution 
  Estimating regressor distribution 
