[1] ".Rprofile loaded"
<environment: R_GlobalEnv>
<environment: R_GlobalEnv>
[1] "I know I am on SLURM!"
Running LDA with 2 topics (seed 2)
Running LDA with 2 topics (seed 4)
Running LDA with 3 topics (seed 2)
Running LDA with 3 topics (seed 4)
Running LDA with 2 topics (seed 2)
Running LDA with 2 topics (seed 4)
Running LDA with 3 topics (seed 2)
Running LDA with 3 topics (seed 4)
Running LDA with 2 topics (seed 2)
Running LDA with 2 topics (seed 4)
Running LDA with 3 topics (seed 2)
Running LDA with 3 topics (seed 4)
Running LDA with 2 topics (seed 2)
Running LDA with 2 topics (seed 4)
Running LDA with 3 topics (seed 2)
Running LDA with 3 topics (seed 4)
Running LDA with 2 topics (seed 2)
Running LDA with 2 topics (seed 4)
Running LDA with 3 topics (seed 2)
Running LDA with 3 topics (seed 4)
Running LDA with 2 topics (seed 2)
Running LDA with 2 topics (seed 4)
Running LDA with 3 topics (seed 2)
Running LDA with 3 topics (seed 4)
Running LDA with 2 topics (seed 2)
Running LDA with 2 topics (seed 4)
Running LDA with 3 topics (seed 2)
Running LDA with 3 topics (seed 4)
Running LDA with 2 topics (seed 2)
Running LDA with 2 topics (seed 4)
Running LDA with 3 topics (seed 2)
Running LDA with 3 topics (seed 4)
Running LDA with 2 topics (seed 2)
Running LDA with 2 topics (seed 4)
Running LDA with 3 topics (seed 2)
Running LDA with 3 topics (seed 4)
Running LDA with 2 topics (seed 2)
Running LDA with 2 topics (seed 4)
Running LDA with 3 topics (seed 2)
Running LDA with 3 topics (seed 4)
Running LDA with 2 topics (seed 2)
Running LDA with 2 topics (seed 4)
Running LDA with 3 topics (seed 2)
Running LDA with 3 topics (seed 4)
Running LDA with 2 topics (seed 2)
Running LDA with 2 topics (seed 4)
Running LDA with 3 topics (seed 2)
Running LDA with 3 topics (seed 4)
Running LDA with 2 topics (seed 2)
Running LDA with 2 topics (seed 4)
Running LDA with 3 topics (seed 2)
Running LDA with 3 topics (seed 4)
Running LDA with 2 topics (seed 2)
Running LDA with 2 topics (seed 4)
Running LDA with 3 topics (seed 2)
Running LDA with 3 topics (seed 4)
Running LDA with 2 topics (seed 2)
Running LDA with 2 topics (seed 4)
Running LDA with 3 topics (seed 2)
Running LDA with 3 topics (seed 4)
Running TS model with 0 changepoints and equation gamma ~ year on LDA model k: 3, seed: 2
Running TS model with 0 changepoints and equation gamma ~ 1 on LDA model k: 3, seed: 2
Running TS model with 1 changepoints and equation gamma ~ year on LDA model k: 3, seed: 2
  Estimating changepoint distribution 
  Estimating regressor distribution 
Running TS model with 1 changepoints and equation gamma ~ 1 on LDA model k: 3, seed: 2
  Estimating changepoint distribution 
  Estimating regressor distribution 
Running TS model with 0 changepoints and equation gamma ~ year on LDA model k: 3, seed: 4
Running TS model with 0 changepoints and equation gamma ~ 1 on LDA model k: 3, seed: 4
Running TS model with 1 changepoints and equation gamma ~ year on LDA model k: 3, seed: 4
  Estimating changepoint distribution 
  Estimating regressor distribution 
Running TS model with 1 changepoints and equation gamma ~ 1 on LDA model k: 3, seed: 4
  Estimating changepoint distribution 
  Estimating regressor distribution 
Running TS model with 0 changepoints and equation gamma ~ Year on LDA model k: 2, seed: 2
Running TS model with 0 changepoints and equation gamma ~ 1 on LDA model k: 2, seed: 2
Running TS model with 1 changepoints and equation gamma ~ Year on LDA model k: 2, seed: 2
  Estimating changepoint distribution 
  Estimating regressor distribution 
Running TS model with 1 changepoints and equation gamma ~ 1 on LDA model k: 2, seed: 2
  Estimating changepoint distribution 
  Estimating regressor distribution 
Running TS model with 0 changepoints and equation gamma ~ Year on LDA model k: 2, seed: 4
Running TS model with 0 changepoints and equation gamma ~ 1 on LDA model k: 2, seed: 4
Running TS model with 1 changepoints and equation gamma ~ Year on LDA model k: 2, seed: 4
  Estimating changepoint distribution 
  Estimating regressor distribution 
Running TS model with 1 changepoints and equation gamma ~ 1 on LDA model k: 2, seed: 4
  Estimating changepoint distribution 
  Estimating regressor distribution 
Running TS model with 0 changepoints and equation gamma ~ year on LDA model k: 3, seed: 4
Running TS model with 0 changepoints and equation gamma ~ 1 on LDA model k: 3, seed: 4
Running TS model with 1 changepoints and equation gamma ~ year on LDA model k: 3, seed: 4
  Estimating changepoint distribution 
  Estimating regressor distribution 
Running TS model with 1 changepoints and equation gamma ~ 1 on LDA model k: 3, seed: 4
  Estimating changepoint distribution 
  Estimating regressor distribution 
Running TS model with 0 changepoints and equation gamma ~ year on LDA model k: 3, seed: 2
Running TS model with 0 changepoints and equation gamma ~ 1 on LDA model k: 3, seed: 2
Running TS model with 1 changepoints and equation gamma ~ year on LDA model k: 3, seed: 2
  Estimating changepoint distribution 
  Estimating regressor distribution 
Running TS model with 1 changepoints and equation gamma ~ 1 on LDA model k: 3, seed: 2
  Estimating changepoint distribution 
  Estimating regressor distribution 
Running TS model with 0 changepoints and equation gamma ~ year on LDA model k: 3, seed: 4
Running TS model with 0 changepoints and equation gamma ~ 1 on LDA model k: 3, seed: 4
Running TS model with 1 changepoints and equation gamma ~ year on LDA model k: 3, seed: 4
  Estimating changepoint distribution 
  Estimating regressor distribution 
Running TS model with 1 changepoints and equation gamma ~ 1 on LDA model k: 3, seed: 4
  Estimating changepoint distribution 
  Estimating regressor distribution 
Running TS model with 0 changepoints and equation gamma ~ year on LDA model k: 3, seed: 2
Running TS model with 0 changepoints and equation gamma ~ 1 on LDA model k: 3, seed: 2
Running TS model with 1 changepoints and equation gamma ~ year on LDA model k: 3, seed: 2
  Estimating changepoint distribution 
  Estimating regressor distribution 
Running TS model with 1 changepoints and equation gamma ~ 1 on LDA model k: 3, seed: 2
  Estimating changepoint distribution 
  Estimating regressor distribution 
Running TS model with 0 changepoints and equation gamma ~ year on LDA model k: 3, seed: 2
Running TS model with 0 changepoints and equation gamma ~ 1 on LDA model k: 3, seed: 2
Running TS model with 1 changepoints and equation gamma ~ year on LDA model k: 3, seed: 2
  Estimating changepoint distribution 
  Estimating regressor distribution 
Running TS model with 1 changepoints and equation gamma ~ 1 on LDA model k: 3, seed: 2
  Estimating changepoint distribution 
  Estimating regressor distribution 
Running TS model with 0 changepoints and equation gamma ~ year on LDA model k: 3, seed: 4
Running TS model with 0 changepoints and equation gamma ~ 1 on LDA model k: 3, seed: 4
Running TS model with 1 changepoints and equation gamma ~ year on LDA model k: 3, seed: 4
  Estimating changepoint distribution 
  Estimating regressor distribution 
Running TS model with 1 changepoints and equation gamma ~ 1 on LDA model k: 3, seed: 4
  Estimating changepoint distribution 
  Estimating regressor distribution 
Running TS model with 0 changepoints and equation gamma ~ year on LDA model k: 3, seed: 4
Running TS model with 0 changepoints and equation gamma ~ 1 on LDA model k: 3, seed: 4
Running TS model with 1 changepoints and equation gamma ~ year on LDA model k: 3, seed: 4
  Estimating changepoint distribution 
  Estimating regressor distribution 
Running TS model with 1 changepoints and equation gamma ~ 1 on LDA model k: 3, seed: 4
  Estimating changepoint distribution 
  Estimating regressor distribution 
Running TS model with 0 changepoints and equation gamma ~ newmoonnumber on LDA model k: 3, seed: 4
Running TS model with 0 changepoints and equation gamma ~ 1 on LDA model k: 3, seed: 4
Running TS model with 1 changepoints and equation gamma ~ newmoonnumber on LDA model k: 3, seed: 4
  Estimating changepoint distribution 
  Estimating regressor distribution 
Running TS model with 1 changepoints and equation gamma ~ 1 on LDA model k: 3, seed: 4
  Estimating changepoint distribution 
  Estimating regressor distribution 
Running TS model with 0 changepoints and equation gamma ~ Date on LDA model k: 3, seed: 4
Running TS model with 0 changepoints and equation gamma ~ 1 on LDA model k: 3, seed: 4
Running TS model with 1 changepoints and equation gamma ~ Date on LDA model k: 3, seed: 4
  Estimating changepoint distribution 
  Estimating regressor distribution 
Running TS model with 1 changepoints and equation gamma ~ 1 on LDA model k: 3, seed: 4
  Estimating changepoint distribution 
  Estimating regressor distribution 
