Please look at our data formats by running `vignette("data-formats")`

Attaching package: ‘dplyr’

The following objects are masked from ‘package:stats’:

    filter, lag

The following objects are masked from ‘package:base’:

    intersect, setdiff, setequal, union

Loading required package: future

Attaching package: ‘future’

The following object is masked from ‘package:drake’:

    plan

target portal_data
Target portal_data messages:
  Loading in data version 1.109.0
target sdl_data
target mtquad_data
target bbs_data_rtrg_1_11
target bbs_data_rtrg_2_11
target bbs_data_rtrg_3_11
target bbs_data_rtrg_4_11
target bbs_data_rtrg_6_11
target bbs_data_rtrg_7_11
target bbs_data_rtrg_8_11
target bbs_data_rtrg_9_11
target bbs_data_rtrg_10_10
target bbs_data_rtrg_11_11
target bbs_data_rtrg_12_11
target bbs_data_rtrg_13_11
target bbs_data_rtrg_14_11
target bbs_data_rtrg_15_6
target bbs_data_rtrg_16_10
target bbs_data_rtrg_17_10
target bbs_data_rtrg_18_11
target bbs_data_rtrg_19_11
target bbs_data_rtrg_20_11
target bbs_data_rtrg_21_11
target lda_portal_data
target lda_sdl_data
target lda_mtquad_data
target lda_bbs_data_rtrg_1_11
target lda_bbs_data_rtrg_2_11
target lda_bbs_data_rtrg_3_11
target lda_bbs_data_rtrg_4_11
target lda_bbs_data_rtrg_6_11
target lda_bbs_data_rtrg_7_11
target lda_bbs_data_rtrg_8_11
target lda_bbs_data_rtrg_9_11
target lda_bbs_data_rtrg_10_10
target lda_bbs_data_rtrg_11_11
target lda_bbs_data_rtrg_12_11
target lda_bbs_data_rtrg_13_11
target lda_bbs_data_rtrg_14_11
target lda_bbs_data_rtrg_15_6
target lda_bbs_data_rtrg_16_10
target lda_bbs_data_rtrg_17_10
target lda_bbs_data_rtrg_18_11
target lda_bbs_data_rtrg_19_11
target lda_bbs_data_rtrg_20_11
target lda_bbs_data_rtrg_21_11
target ts_portal_data_lda_portal_data
target ts_sdl_data_lda_sdl_data
target ts_mtquad_data_lda_mtquad_data
target ts_bbs_data_rtrg_1_11_lda_bbs_data_rtrg_1_11
target ts_bbs_data_rtrg_2_11_lda_bbs_data_rtrg_2_11
target ts_bbs_data_rtrg_3_11_lda_bbs_data_rtrg_3_11
target ts_bbs_data_rtrg_4_11_lda_bbs_data_rtrg_4_11
target ts_bbs_data_rtrg_6_11_lda_bbs_data_rtrg_6_11
target ts_bbs_data_rtrg_7_11_lda_bbs_data_rtrg_7_11
target ts_bbs_data_rtrg_8_11_lda_bbs_data_rtrg_8_11
target ts_bbs_data_rtrg_9_11_lda_bbs_data_rtrg_9_11
target ts_bbs_data_rtrg_10_10_lda_bbs_data_rtrg_10_10
target ts_bbs_data_rtrg_11_11_lda_bbs_data_rtrg_11_11
target ts_bbs_data_rtrg_12_11_lda_bbs_data_rtrg_12_11
target ts_bbs_data_rtrg_13_11_lda_bbs_data_rtrg_13_11
target ts_bbs_data_rtrg_14_11_lda_bbs_data_rtrg_14_11
target ts_bbs_data_rtrg_15_6_lda_bbs_data_rtrg_15_6
target ts_bbs_data_rtrg_16_10_lda_bbs_data_rtrg_16_10
target ts_bbs_data_rtrg_17_10_lda_bbs_data_rtrg_17_10
target ts_bbs_data_rtrg_18_11_lda_bbs_data_rtrg_18_11
target ts_bbs_data_rtrg_19_11_lda_bbs_data_rtrg_19_11
target ts_bbs_data_rtrg_20_11_lda_bbs_data_rtrg_20_11
target ts_bbs_data_rtrg_21_11_lda_bbs_data_rtrg_21_11
target lda_results
target ts_select_ts_portal_data_lda_portal_data
Warning: target ts_select_ts_portal_data_lda_portal_data warnings:
  the condition has length > 1 and only the first element will be used
target ts_select_ts_sdl_data_lda_sdl_data
Warning: target ts_select_ts_sdl_data_lda_sdl_data warnings:
  the condition has length > 1 and only the first element will be used
target ts_select_ts_mtquad_data_lda_mtquad_data
Warning: target ts_select_ts_mtquad_data_lda_mtquad_data warnings:
  the condition has length > 1 and only the first element will be used
target ts_select_ts_bbs_data_rtrg_1_11_lda_bbs_data_rtrg_1_11
Warning: target ts_select_ts_bbs_data_rtrg_1_11_lda_bbs_data_rtrg_1_11 warnings:
  the condition has length > 1 and only the first element will be used
target ts_select_ts_bbs_data_rtrg_2_11_lda_bbs_data_rtrg_2_11
Warning: target ts_select_ts_bbs_data_rtrg_2_11_lda_bbs_data_rtrg_2_11 warnings:
  the condition has length > 1 and only the first element will be used
target ts_select_ts_bbs_data_rtrg_3_11_lda_bbs_data_rtrg_3_11
Warning: target ts_select_ts_bbs_data_rtrg_3_11_lda_bbs_data_rtrg_3_11 warnings:
  the condition has length > 1 and only the first element will be used
target ts_select_ts_bbs_data_rtrg_4_11_lda_bbs_data_rtrg_4_11
Warning: target ts_select_ts_bbs_data_rtrg_4_11_lda_bbs_data_rtrg_4_11 warnings:
  the condition has length > 1 and only the first element will be used
target ts_select_ts_bbs_data_rtrg_6_11_lda_bbs_data_rtrg_6_11
Warning: target ts_select_ts_bbs_data_rtrg_6_11_lda_bbs_data_rtrg_6_11 warnings:
  the condition has length > 1 and only the first element will be used
target ts_select_ts_bbs_data_rtrg_7_11_lda_bbs_data_rtrg_7_11
Warning: target ts_select_ts_bbs_data_rtrg_7_11_lda_bbs_data_rtrg_7_11 warnings:
  the condition has length > 1 and only the first element will be used
target ts_select_ts_bbs_data_rtrg_8_11_lda_bbs_data_rtrg_8_11
Warning: target ts_select_ts_bbs_data_rtrg_8_11_lda_bbs_data_rtrg_8_11 warnings:
  the condition has length > 1 and only the first element will be used
target ts_select_ts_bbs_data_rtrg_9_11_lda_bbs_data_rtrg_9_11
Warning: target ts_select_ts_bbs_data_rtrg_9_11_lda_bbs_data_rtrg_9_11 warnings:
  the condition has length > 1 and only the first element will be used
target ts_select_ts_bbs_data_rtrg_10_10_lda_bbs_data_rtrg_10_10
Warning: target ts_select_ts_bbs_data_rtrg_10_10_lda_bbs_data_rtrg_10_10 warnings:
  the condition has length > 1 and only the first element will be used
target ts_select_ts_bbs_data_rtrg_11_11_lda_bbs_data_rtrg_11_11
Warning: target ts_select_ts_bbs_data_rtrg_11_11_lda_bbs_data_rtrg_11_11 warnings:
  the condition has length > 1 and only the first element will be used
target ts_select_ts_bbs_data_rtrg_12_11_lda_bbs_data_rtrg_12_11
Warning: target ts_select_ts_bbs_data_rtrg_12_11_lda_bbs_data_rtrg_12_11 warnings:
  the condition has length > 1 and only the first element will be used
target ts_select_ts_bbs_data_rtrg_13_11_lda_bbs_data_rtrg_13_11
Warning: target ts_select_ts_bbs_data_rtrg_13_11_lda_bbs_data_rtrg_13_11 warnings:
  the condition has length > 1 and only the first element will be used
target ts_select_ts_bbs_data_rtrg_14_11_lda_bbs_data_rtrg_14_11
Warning: target ts_select_ts_bbs_data_rtrg_14_11_lda_bbs_data_rtrg_14_11 warnings:
  the condition has length > 1 and only the first element will be used
target ts_select_ts_bbs_data_rtrg_15_6_lda_bbs_data_rtrg_15_6
Warning: target ts_select_ts_bbs_data_rtrg_15_6_lda_bbs_data_rtrg_15_6 warnings:
  the condition has length > 1 and only the first element will be used
target ts_select_ts_bbs_data_rtrg_16_10_lda_bbs_data_rtrg_16_10
Warning: target ts_select_ts_bbs_data_rtrg_16_10_lda_bbs_data_rtrg_16_10 warnings:
  the condition has length > 1 and only the first element will be used
target ts_select_ts_bbs_data_rtrg_17_10_lda_bbs_data_rtrg_17_10
Warning: target ts_select_ts_bbs_data_rtrg_17_10_lda_bbs_data_rtrg_17_10 warnings:
  the condition has length > 1 and only the first element will be used
target ts_select_ts_bbs_data_rtrg_18_11_lda_bbs_data_rtrg_18_11
Warning: target ts_select_ts_bbs_data_rtrg_18_11_lda_bbs_data_rtrg_18_11 warnings:
  the condition has length > 1 and only the first element will be used
target ts_select_ts_bbs_data_rtrg_19_11_lda_bbs_data_rtrg_19_11
Warning: target ts_select_ts_bbs_data_rtrg_19_11_lda_bbs_data_rtrg_19_11 warnings:
  the condition has length > 1 and only the first element will be used
target ts_select_ts_bbs_data_rtrg_20_11_lda_bbs_data_rtrg_20_11
Warning: target ts_select_ts_bbs_data_rtrg_20_11_lda_bbs_data_rtrg_20_11 warnings:
  the condition has length > 1 and only the first element will be used
target ts_select_ts_bbs_data_rtrg_21_11_lda_bbs_data_rtrg_21_11
Warning: target ts_select_ts_bbs_data_rtrg_21_11_lda_bbs_data_rtrg_21_11 warnings:
  the condition has length > 1 and only the first element will be used
target ts_results
target lda_report
Target lda_report messages:
  

processing file: lda_report.Rmd
  output file: lda_report.knit.md

  
Preview created: lda_report.html
  
Output created: lda_report.md
target ts_select_results
