Please look at our data formats by running `vignette("data-formats")`

Attaching package: ‘dplyr’

The following objects are masked from ‘package:stats’:

    filter, lag

The following objects are masked from ‘package:base’:

    intersect, setdiff, setequal, union

Loading required package: future

Attaching package: ‘future’

The following object is masked from ‘package:drake’:

    plan


....................................target lda_maizuru_data
.target lda_jornada_data
.target lda_sgs_data
.target lda_cowley_lizards_data
.target lda_cowley_snakes_data
.target lda_karoo_data
.target lda_kruger_data
.target lda_portal_data
.target lda_sdl_data
.target lda_mtquad_data
.target lda_bbs_data_rtrg_1_11
.target lda_bbs_data_rtrg_3_11
.target lda_bbs_data_rtrg_4_11
.target lda_bbs_data_rtrg_6_11
.target lda_select_lda_bbs_data_rtrg_2_11

Attaching package: ‘dplyr’

The following objects are masked from ‘package:stats’:

    filter, lag

The following objects are masked from ‘package:base’:

    intersect, setdiff, setequal, union


Attaching package: ‘future’

The following object is masked from ‘package:drake’:

    plan

fail lda_select_lda_bbs_data_rtrg_2_11
Error: Target `lda_select_lda_bbs_data_rtrg_2_11` failed. Call `diagnose(lda_select_lda_bbs_data_rtrg_2_11)` for details. Error message:
  object 'AICc' not found
Execution halted
