Please look at our data formats by running `vignette("data-formats")`

Attaching package: ‘dplyr’

The following objects are masked from ‘package:stats’:

    filter, lag

The following objects are masked from ‘package:base’:

    intersect, setdiff, setequal, union

Loading required package: future

Attaching package: ‘future’

The following object is masked from ‘package:drake’:

    plan


...............target ts_portal_data_lda_portal_data
.target ts_sdl_data_lda_sdl_data
.target ts_mtquad_data_lda_mtquad_data
.target lda_result_summary

Attaching package: ‘dplyr’

The following objects are masked from ‘package:stats’:

    filter, lag

The following objects are masked from ‘package:base’:

    intersect, setdiff, setequal, union


Attaching package: ‘future’

The following object is masked from ‘package:drake’:

    plan

.
Attaching package: ‘dplyr’

The following objects are masked from ‘package:stats’:

    filter, lag

The following objects are masked from ‘package:base’:

    intersect, setdiff, setequal, union


Attaching package: ‘future’

The following object is masked from ‘package:drake’:

    plan

.target ts_select_ts_mtquad_data_lda_mtquad_data

Attaching package: ‘dplyr’

The following objects are masked from ‘package:stats’:

    filter, lag

The following objects are masked from ‘package:base’:

    intersect, setdiff, setequal, union


Attaching package: ‘future’

The following object is masked from ‘package:drake’:

    plan

.target ts_select_ts_sdl_data_lda_sdl_data

Attaching package: ‘dplyr’

The following objects are masked from ‘package:stats’:

    filter, lag

The following objects are masked from ‘package:base’:

    intersect, setdiff, setequal, union


Attaching package: ‘future’

The following object is masked from ‘package:drake’:

    plan

.
Attaching package: ‘dplyr’

The following objects are masked from ‘package:stats’:

    filter, lag

The following objects are masked from ‘package:base’:

    intersect, setdiff, setequal, union


Attaching package: ‘future’

The following object is masked from ‘package:drake’:

    plan

.
Attaching package: ‘dplyr’

The following objects are masked from ‘package:stats’:

    filter, lag

The following objects are masked from ‘package:base’:

    intersect, setdiff, setequal, union


Attaching package: ‘future’

The following object is masked from ‘package:drake’:

    plan

.target ts_select_ts_portal_data_lda_portal_data
target ts_results

Attaching package: ‘dplyr’

The following objects are masked from ‘package:stats’:

    filter, lag

The following objects are masked from ‘package:base’:

    intersect, setdiff, setequal, union


Attaching package: ‘future’

The following object is masked from ‘package:drake’:

    plan

.target ts_select_results

Attaching package: ‘dplyr’

The following objects are masked from ‘package:stats’:

    filter, lag

The following objects are masked from ‘package:base’:

    intersect, setdiff, setequal, union


Attaching package: ‘future’

The following object is masked from ‘package:drake’:

    plan

.
Attaching package: ‘dplyr’

The following objects are masked from ‘package:stats’:

    filter, lag

The following objects are masked from ‘package:base’:

    intersect, setdiff, setequal, union


Attaching package: ‘future’

The following object is masked from ‘package:drake’:

    plan

.target ts_result_summary

Attaching package: ‘dplyr’

The following objects are masked from ‘package:stats’:

    filter, lag

The following objects are masked from ‘package:base’:

    intersect, setdiff, setequal, union


Attaching package: ‘future’

The following object is masked from ‘package:drake’:

    plan

.target lda_ts_result_summary

Attaching package: ‘dplyr’

The following objects are masked from ‘package:stats’:

    filter, lag

The following objects are masked from ‘package:base’:

    intersect, setdiff, setequal, union


Attaching package: ‘future’

The following object is masked from ‘package:drake’:

    plan

.target lda_report
target ts_report

Attaching package: ‘dplyr’

The following objects are masked from ‘package:stats’:

    filter, lag

The following objects are masked from ‘package:base’:

    intersect, setdiff, setequal, union


Attaching package: ‘future’

The following object is masked from ‘package:drake’:

    plan

Target ts_report messages:
  

processing file: ts_report.Rmd
  output file: ts_report.knit.md

  
Preview created: ts_report.html
  
Output created: ts_report.md
.
Attaching package: ‘dplyr’

The following objects are masked from ‘package:stats’:

    filter, lag

The following objects are masked from ‘package:base’:

    intersect, setdiff, setequal, union


Attaching package: ‘future’

The following object is masked from ‘package:drake’:

    plan

Target lda_report messages:
  

processing file: lda_report.Rmd
  output file: lda_report.knit.md

  
Preview created: lda_report.html
  
Output created: lda_report.md
..