Please look at our data formats by running `vignette("data-formats")`

Attaching package: ‘dplyr’

The following objects are masked from ‘package:stats’:

    filter, lag

The following objects are masked from ‘package:base’:

    intersect, setdiff, setequal, union

Loading required package: future

Attaching package: ‘future’

The following object is masked from ‘package:drake’:

    plan


........................target lda_bbs_data_rtrg_2_11

Attaching package: ‘dplyr’

The following objects are masked from ‘package:stats’:

    filter, lag

The following objects are masked from ‘package:base’:

    intersect, setdiff, setequal, union


Attaching package: ‘future’

The following object is masked from ‘package:drake’:

    plan

..target lda_select_lda_bbs_data_rtrg_2_11

Attaching package: ‘dplyr’

The following objects are masked from ‘package:stats’:

    filter, lag

The following objects are masked from ‘package:base’:

    intersect, setdiff, setequal, union


Attaching package: ‘future’

The following object is masked from ‘package:drake’:

    plan

..target ts_bbs_data_rtrg_2_11_lda_select_lda_bbs_data_rtrg_2_11
target lda_results

Attaching package: ‘dplyr’

The following objects are masked from ‘package:stats’:

    filter, lag

The following objects are masked from ‘package:base’:

    intersect, setdiff, setequal, union


Attaching package: ‘future’

The following object is masked from ‘package:drake’:

    plan

.target lda_result_summary

Attaching package: ‘dplyr’

The following objects are masked from ‘package:stats’:

    filter, lag

The following objects are masked from ‘package:base’:

    intersect, setdiff, setequal, union


Attaching package: ‘future’

The following object is masked from ‘package:drake’:

    plan

.
Attaching package: ‘dplyr’

The following objects are masked from ‘package:stats’:

    filter, lag

The following objects are masked from ‘package:base’:

    intersect, setdiff, setequal, union


Attaching package: ‘future’

The following object is masked from ‘package:drake’:

    plan

.target ts_select_ts_bbs_data_rtrg_2_11_lda_select_lda_bbs_data_rtrg_2_11
target ts_results

Attaching package: ‘dplyr’

The following objects are masked from ‘package:stats’:

    filter, lag

The following objects are masked from ‘package:base’:

    intersect, setdiff, setequal, union


Attaching package: ‘future’

The following object is masked from ‘package:drake’:

    plan

.target ts_select_results

Attaching package: ‘dplyr’

The following objects are masked from ‘package:stats’:

    filter, lag

The following objects are masked from ‘package:base’:

    intersect, setdiff, setequal, union


Attaching package: ‘future’

The following object is masked from ‘package:drake’:

    plan

.
Attaching package: ‘dplyr’

The following objects are masked from ‘package:stats’:

    filter, lag

The following objects are masked from ‘package:base’:

    intersect, setdiff, setequal, union


Attaching package: ‘future’

The following object is masked from ‘package:drake’:

    plan

.target ts_result_summary

Attaching package: ‘dplyr’

The following objects are masked from ‘package:stats’:

    filter, lag

The following objects are masked from ‘package:base’:

    intersect, setdiff, setequal, union


Attaching package: ‘future’

The following object is masked from ‘package:drake’:

    plan

.target lda_ts_result_summary

Attaching package: ‘dplyr’

The following objects are masked from ‘package:stats’:

    filter, lag

The following objects are masked from ‘package:base’:

    intersect, setdiff, setequal, union


Attaching package: ‘future’

The following object is masked from ‘package:drake’:

    plan

.target lda_report
target ts_report

Attaching package: ‘dplyr’

The following objects are masked from ‘package:stats’:

    filter, lag

The following objects are masked from ‘package:base’:

    intersect, setdiff, setequal, union


Attaching package: ‘future’

The following object is masked from ‘package:drake’:

    plan

Target ts_report messages:
  

processing file: ts_report.Rmd
  Quitting from lines 78-86 (ts_report.Rmd) 
fail ts_report
Error: Target `ts_report` failed. Call `diagnose(ts_report)` for details. Error message:
  need finite 'ylim' values
In addition: Warning message:
In if (nzchar(expr)) { :
  the condition has length > 1 and only the first element will be used
Execution halted
