Please look at our data formats by running `vignette("data-formats")`

Attaching package: ‘dplyr’

The following objects are masked from ‘package:stats’:

    filter, lag

The following objects are masked from ‘package:base’:

    intersect, setdiff, setequal, union

Loading required package: future

Attaching package: ‘future’

The following object is masked from ‘package:drake’:

    plan


.........Registered S3 methods overwritten by 'ggplot2':
  method         from 
  [.quosures     rlang
  c.quosures     rlang
  print.quosures rlang
..........target ts_bbs_data_rtrg_2_11_lda_bbs_data_rtrg_2_11
target lda_results

Attaching package: ‘dplyr’

The following objects are masked from ‘package:stats’:

    filter, lag

The following objects are masked from ‘package:base’:

    intersect, setdiff, setequal, union


Attaching package: ‘future’

The following object is masked from ‘package:drake’:

    plan

.target lda_result_summary

Attaching package: ‘dplyr’

The following objects are masked from ‘package:stats’:

    filter, lag

The following objects are masked from ‘package:base’:

    intersect, setdiff, setequal, union


Attaching package: ‘future’

The following object is masked from ‘package:drake’:

    plan

.
Attaching package: ‘dplyr’

The following objects are masked from ‘package:stats’:

    filter, lag

The following objects are masked from ‘package:base’:

    intersect, setdiff, setequal, union


Attaching package: ‘future’

The following object is masked from ‘package:drake’:

    plan

Target ts_bbs_data_rtrg_2_11_lda_bbs_data_rtrg_2_11 messages:
  Registered S3 methods overwritten by 'ggplot2':
  method         from 
  [.quosures     rlang
  c.quosures     rlang
  print.quosures rlang
.target ts_select_ts_bbs_data_rtrg_2_11_lda_bbs_data_rtrg_2_11
target ts_results

Attaching package: ‘dplyr’

The following objects are masked from ‘package:stats’:

    filter, lag

The following objects are masked from ‘package:base’:

    intersect, setdiff, setequal, union


Attaching package: ‘future’

The following object is masked from ‘package:drake’:

    plan

.target ts_select_results

Attaching package: ‘dplyr’

The following objects are masked from ‘package:stats’:

    filter, lag

The following objects are masked from ‘package:base’:

    intersect, setdiff, setequal, union


Attaching package: ‘future’

The following object is masked from ‘package:drake’:

    plan

.
Attaching package: ‘dplyr’

The following objects are masked from ‘package:stats’:

    filter, lag

The following objects are masked from ‘package:base’:

    intersect, setdiff, setequal, union


Attaching package: ‘future’

The following object is masked from ‘package:drake’:

    plan

.target ts_result_summary

Attaching package: ‘dplyr’

The following objects are masked from ‘package:stats’:

    filter, lag

The following objects are masked from ‘package:base’:

    intersect, setdiff, setequal, union


Attaching package: ‘future’

The following object is masked from ‘package:drake’:

    plan

.target lda_ts_result_summary

Attaching package: ‘dplyr’

The following objects are masked from ‘package:stats’:

    filter, lag

The following objects are masked from ‘package:base’:

    intersect, setdiff, setequal, union


Attaching package: ‘future’

The following object is masked from ‘package:drake’:

    plan

.target lda_report
target ts_report

Attaching package: ‘dplyr’

The following objects are masked from ‘package:stats’:

    filter, lag

The following objects are masked from ‘package:base’:

    intersect, setdiff, setequal, union


Attaching package: ‘future’

The following object is masked from ‘package:drake’:

    plan

Target ts_report messages:
  

processing file: ts_report.Rmd
  output file: ts_report.knit.md

  
Preview created: ts_report.html
  
Output created: ts_report.md
.
Attaching package: ‘dplyr’

The following objects are masked from ‘package:stats’:

    filter, lag

The following objects are masked from ‘package:base’:

    intersect, setdiff, setequal, union


Attaching package: ‘future’

The following object is masked from ‘package:drake’:

    plan

Target lda_report messages:
  

processing file: lda_report.Rmd
  output file: lda_report.knit.md

  
Preview created: lda_report.html
  
Output created: lda_report.md
..Warning message:
In if (nzchar(expr)) { :
  the condition has length > 1 and only the first element will be used
