Please look at our data formats by running `vignette("data-formats")`

Attaching package: ‘dplyr’

The following objects are masked from ‘package:stats’:

    filter, lag

The following objects are masked from ‘package:base’:

    intersect, setdiff, setequal, union

Error: Only strings can be converted to symbols
Backtrace:
     █
  1. ├─drake::drake_plan(cov = target(add_toy_covariates(data), transform = map(data = !!rlang::syms(datasets$target))))
  2. │ └─drake:::transform_plan(...)
  3. │   └─drake:::tidyeval_exprs(plan$transform, envir = envir)
  4. │     └─base::lapply(expr_list, tidyeval_expr, envir = envir)
  5. │       └─drake:::FUN(X[[i]], ...)
  6. │         └─base::eval(call, envir = envir)
  7. │           └─base::eval(call, envir = envir)
  8. ├─rlang::expr(map(data = !!rlang::syms(datasets$target)))
  9. │ └─rlang::enexpr(expr)
 10. └─rlang::syms(datasets$target)
 11.   └─rlang:::map(x, sym)
 12.     └─base::lapply(.x, .f, ...)
 13.       └─rlang:::FUN(X[[i]], ...)
Execution halted
